2021-27-07 20:59:29   INFO [RegistrationTest:30  ] : Open ulr - http://automationpractice.com/index.php
2021-27-07 20:59:30   INFO [RegistrationTest:40  ] : Click login - //a[@class='login']
2021-27-07 20:59:30   INFO [RegistrationTest:43  ] : Input email - 1sadasda-7750@yopmail.com
2021-27-07 20:59:30   INFO [RegistrationTest:46  ] : Click account create form
2021-27-07 20:59:32   INFO [RegistrationTest:49  ] : Input customer firstname - Dima
2021-27-07 20:59:32   INFO [RegistrationTest:52  ] : Input customer lastname - Hulak
2021-27-07 20:59:32   INFO [RegistrationTest:55  ] : Input email - 1sadasda-7750@yopmail.com
2021-27-07 20:59:32   INFO [RegistrationTest:58  ] : Input password - qwerty123
2021-27-07 20:59:32   INFO [RegistrationTest:63  ] : Input first name - Dima
2021-27-07 20:59:32   INFO [RegistrationTest:66  ] : input last name - Hulak
2021-27-07 21:09:21   INFO [RegistrationTest:32  ] : Open ulr - http://automationpractice.com/index.php
2021-27-07 21:09:22   INFO [RegistrationTest:42  ] : Click login - //a[@class='login']
2021-27-07 21:09:23   INFO [RegistrationTest:45  ] : Input email - weqweqwe-23523fawe@yopmail.com
2021-27-07 21:09:23   INFO [RegistrationTest:48  ] : Click account create form
2021-27-07 21:09:24   INFO [RegistrationTest:51  ] : Input customer firstname - Dima
2021-27-07 21:09:24   INFO [RegistrationTest:54  ] : Input customer lastname - Hulak
2021-27-07 21:09:24   INFO [RegistrationTest:57  ] : Input email - weqweqwe-23523fawe@yopmail.com
2021-27-07 21:09:24   INFO [RegistrationTest:60  ] : Input password - qwerty123
2021-27-07 21:09:25   INFO [RegistrationTest:65  ] : Input first name - Dima
2021-27-07 21:09:25   INFO [RegistrationTest:68  ] : input last name - Hulak
2021-27-07 21:09:25   INFO [RegistrationTest:75  ] : Select by index - 32
2021-27-07 21:09:26   INFO [RegistrationTest:78  ] : Input post code - 12390124
2021-27-07 21:09:26   INFO [RegistrationTest:82  ] : Select by visible text - United States
2021-27-07 21:09:26   INFO [RegistrationTest:85  ] : Input phone - 1234567890
2021-27-07 21:09:26   INFO [RegistrationTest:89  ] : Input alias - weqweqwe-23523fawe@yopmail.com
2021-27-07 21:09:27   INFO [RegistrationTest:91  ] : Click button submit registration
2021-27-07 21:10:42   INFO [RegistrationTest:32  ] : Open ulr - http://automationpractice.com/index.php
2021-27-07 21:10:44   INFO [RegistrationTest:42  ] : Click login - //a[@class='login']
2021-27-07 21:10:44   INFO [RegistrationTest:45  ] : Input email - wqeqwe-2352542@yopmail.com
2021-27-07 21:10:44   INFO [RegistrationTest:48  ] : Click account create form
2021-27-07 21:10:46   INFO [RegistrationTest:51  ] : Input customer firstname - Dima
2021-27-07 21:10:46   INFO [RegistrationTest:54  ] : Input customer lastname - Hulak
2021-27-07 21:10:46   INFO [RegistrationTest:57  ] : Input email - wqeqwe-2352542@yopmail.com
2021-27-07 21:10:46   INFO [RegistrationTest:60  ] : Input password - qwerty123
2021-27-07 21:10:47   INFO [RegistrationTest:65  ] : Input first name - Dima
2021-27-07 21:10:47   INFO [RegistrationTest:68  ] : input last name - Hulak
2021-27-07 21:10:48   INFO [RegistrationTest:75  ] : Select by index - 32
2021-27-07 21:10:48   INFO [RegistrationTest:78  ] : Input post code - 12390124
2021-27-07 21:10:48   INFO [RegistrationTest:82  ] : Select by visible text - United States
2021-27-07 21:10:48   INFO [RegistrationTest:85  ] : Input phone - 1234567890
2021-27-07 21:10:48   INFO [RegistrationTest:89  ] : Input alias - wqeqwe-2352542@yopmail.com
2021-27-07 21:12:01   INFO [RegistrationTest:91  ] : Click button submit registration
2021-27-07 21:12:04   INFO [RegistrationTest:93  ] : Check h1 is displayed - //div[@id='center_column']/h1
2021-27-07 21:13:30   INFO [RegistrationTest:32  ] : Open ulr - http://automationpractice.com/index.php
2021-27-07 21:13:33   INFO [RegistrationTest:42  ] : Click login - //a[@class='login']
2021-27-07 21:13:33   INFO [RegistrationTest:45  ] : Input email - 235asfasf-123@yopmail.com
2021-27-07 21:13:33   INFO [RegistrationTest:48  ] : Click account create form
2021-27-07 21:13:35   INFO [RegistrationTest:51  ] : Input customer firstname - Dima
2021-27-07 21:13:35   INFO [RegistrationTest:54  ] : Input customer lastname - Hulak
2021-27-07 21:13:35   INFO [RegistrationTest:57  ] : Input email - 235asfasf-123@yopmail.com
2021-27-07 21:13:35   INFO [RegistrationTest:60  ] : Input password - qwerty123
2021-27-07 21:13:35   INFO [RegistrationTest:65  ] : Input first name - Dima
2021-27-07 21:13:36   INFO [RegistrationTest:68  ] : input last name - Hulak
2021-27-07 21:13:36   INFO [RegistrationTest:75  ] : Select by index - 32
2021-27-07 21:13:36   INFO [RegistrationTest:78  ] : Input post code - 12345
2021-27-07 21:13:37   INFO [RegistrationTest:82  ] : Select by visible text - United States
2021-27-07 21:13:37   INFO [RegistrationTest:85  ] : Input phone - 1234567890
2021-27-07 21:13:37   INFO [RegistrationTest:89  ] : Input alias - 235asfasf-123@yopmail.com
2021-27-07 21:13:40   INFO [RegistrationTest:91  ] : Click button submit registration
2021-27-07 21:13:41   INFO [RegistrationTest:93  ] : Check h1 is displayed - //div[@id='center_column']/h1
2021-29-07 20:26:23   INFO [RegistrationPage:27  ] : Page was opened http://automationpractice.com/index.php?controller=authentication&back=my-account
2021-29-07 20:26:39   INFO [RegistrationPage:97  ] : Input email 235asfasf-123@yopmail.com
2021-29-07 20:26:39   INFO [RegistrationPage:110 ] : Click submit button
2021-29-07 20:27:52   INFO [RegistrationPage:27  ] : Page was opened http://automationpractice.com/index.php?controller=authentication&back=my-account
2021-29-07 20:28:03   INFO [RegistrationPage:97  ] : Input email 23523-asdsaweqr@yopmail.com
2021-29-07 20:28:03   INFO [RegistrationPage:110 ] : Click submit button
2021-29-07 20:29:47   INFO [RegistrationPage:27  ] : Page was opened http://automationpractice.com/index.php?controller=authentication&back=my-account
2021-29-07 20:29:47   INFO [RegistrationPage:97  ] : Input email 3423-dsfgsdf@yopmail.com
2021-29-07 20:29:47   INFO [RegistrationPage:110 ] : Click submit button
2021-29-07 20:29:53   INFO [RegistrationPage:125 ] : Find select city by 32
2021-29-07 20:29:53   INFO [RegistrationPage:138 ] : Find select country United States
2021-29-07 20:32:16   INFO [RegistrationPage:27  ] : Page was opened http://automationpractice.com/index.php?controller=authentication&back=my-account
2021-29-07 20:32:16   INFO [RegistrationPage:97  ] : Input email 3254234-qwewqe@yopmail.com
2021-29-07 20:32:16   INFO [RegistrationPage:110 ] : Click submit button
2021-29-07 20:32:22   INFO [RegistrationPage:125 ] : Find select city by 32
2021-29-07 20:32:23   INFO [RegistrationPage:138 ] : Find select country United States
2021-03-08 20:09:17   INFO [RegistrationPage:32  ] : Page was opened http://automationpractice.com/index.php?controller=authentication&back=my-account
2021-03-08 20:09:18   INFO [WebElements:32  ] : 547457-rghdrgbd@yopmail.com was inputted
2021-03-08 20:09:18   INFO [WebElements:47  ] : Element was clicked [[ChromeDriver: chrome on WINDOWS (e38cd3bcaab794c77ff1a2929b6d2231)] -> name: SubmitCreate]
2021-03-08 20:09:19   INFO [WebElements:32  ] : Dima was inputted
2021-03-08 20:09:19   INFO [WebElements:32  ] : Hulak was inputted
2021-03-08 20:09:19   INFO [WebElements:32  ] : 547457-rghdrgbd@yopmail.com was inputted
2021-03-08 20:09:19   INFO [WebElements:32  ] : qwerty123 was inputted
2021-03-08 20:09:20   INFO [WebElements:32  ] : Dima was inputted
2021-03-08 20:09:20   INFO [WebElements:32  ] : Hulak was inputted
2021-03-08 20:09:20   INFO [WebElements:32  ] : street New York, 12 was inputted
2021-03-08 20:09:20   INFO [WebElements:32  ] : New York was inputted
2021-03-08 20:09:21   INFO [RegistrationPage:157 ] : Find select city by 32
2021-03-08 20:09:21   INFO [WebElements:32  ] : 12345 was inputted
2021-03-08 20:09:21   INFO [RegistrationPage:170 ] : Find select country United States
2021-03-08 20:09:21   INFO [WebElements:32  ] : 1234567890 was inputted
2021-03-08 20:09:21   INFO [WebElements:32  ] : 547457-rghdrgbd@yopmail.com was inputted
2021-03-08 20:09:33   INFO [WebElements:47  ] : Element was clicked Proxy element for: DefaultElementLocator 'By.xpath: //button[@name='submitAccount']'
2021-03-08 20:11:01   INFO [RegistrationPage:32  ] : Page was opened http://automationpractice.com/index.php?controller=authentication&back=my-account
2021-03-08 20:11:01   INFO [WebElements:32  ] : 43634-54hdrhfdh@yopmail.com was inputted
2021-03-08 20:11:01   INFO [WebElements:47  ] : Element was clicked [[ChromeDriver: chrome on WINDOWS (2af89c7d4010bc4c6d085ebf77d8425c)] -> name: SubmitCreate]
2021-03-08 20:11:02   INFO [WebElements:32  ] : Dima was inputted
2021-03-08 20:11:02   INFO [WebElements:32  ] : Hulak was inputted
2021-03-08 20:11:03   INFO [WebElements:32  ] : 43634-54hdrhfdh@yopmail.com was inputted
2021-03-08 20:11:03   INFO [WebElements:32  ] : qwerty123 was inputted
2021-03-08 20:11:03   INFO [WebElements:32  ] : Dima was inputted
2021-03-08 20:11:03   INFO [WebElements:32  ] : Hulak was inputted
2021-03-08 20:11:03   INFO [WebElements:32  ] : street New York, 12 was inputted
2021-03-08 20:11:03   INFO [WebElements:32  ] : New York was inputted
2021-03-08 20:11:04   INFO [RegistrationPage:157 ] : Find select city by 32
2021-03-08 20:11:04   INFO [WebElements:32  ] : 12345 was inputted
2021-03-08 20:11:04   INFO [RegistrationPage:170 ] : Find select country United States
2021-03-08 20:11:04   INFO [WebElements:32  ] : 1234567890 was inputted
2021-03-08 20:11:04   INFO [WebElements:32  ] : 43634-54hdrhfdh@yopmail.com was inputted
2021-03-08 20:11:16   INFO [WebElements:47  ] : Element was clicked Proxy element for: DefaultElementLocator 'By.xpath: //button[@name='submitAccount']'
2021-03-08 20:19:20   INFO [RegistrationPage:32  ] : Page was opened http://automationpractice.com/index.php?controller=authentication&back=my-account
2021-03-08 20:19:20   INFO [WebElements:32  ] : 346346-sdgsdgs@yopmail.com was inputted
2021-03-08 20:19:20   INFO [WebElements:47  ] : Element was clicked [[ChromeDriver: chrome on WINDOWS (a576e74bfd7375eb67f6d7da64f07620)] -> name: SubmitCreate]
2021-03-08 20:19:22   INFO [WebElements:32  ] : Dima was inputted
2021-03-08 20:19:22   INFO [WebElements:32  ] : Hulak was inputted
2021-03-08 20:19:22   INFO [WebElements:32  ] : 346346-sdgsdgs@yopmail.com was inputted
2021-03-08 20:19:22   INFO [WebElements:32  ] : qwerty123 was inputted
2021-03-08 20:19:22   INFO [WebElements:32  ] : Dima was inputted
2021-03-08 20:19:23   INFO [WebElements:32  ] : Hulak was inputted
2021-03-08 20:19:23   INFO [WebElements:32  ] : street New York, 12 was inputted
2021-03-08 20:19:23   INFO [WebElements:32  ] : New York was inputted
2021-03-08 20:19:23   INFO [RegistrationPage:157 ] : Find select city by 32
2021-03-08 20:19:24   INFO [WebElements:32  ] : 12345 was inputted
2021-03-08 20:19:24   INFO [RegistrationPage:170 ] : Find select country United States
2021-03-08 20:19:24   INFO [WebElements:32  ] : 1234567890 was inputted
2021-03-08 20:19:24   INFO [WebElements:32  ] : 346346-sdgsdgs@yopmail.com was inputted
2021-03-08 20:19:38   INFO [WebElements:47  ] : Element was clicked Proxy element for: DefaultElementLocator 'By.xpath: //button[@name='submitAccount']'
2021-07-08 21:08:33   INFO [RegistrationPage:32  ] : Page was opened http://automationpractice.com/index.php?controller=authentication&back=my-account
2021-07-08 21:08:33   INFO [WebElements:32  ] : 34sss46-sdgsdgs@yopmail.com was inputted
2021-07-08 21:08:33   INFO [WebElements:47  ] : Element was clicked [[ChromeDriver: chrome on WINDOWS (c574c58b7d1f20408fb699b006b04f38)] -> name: SubmitCreate]
2021-07-08 21:08:35   INFO [WebElements:32  ] : Dima was inputted
2021-07-08 21:08:36   INFO [WebElements:32  ] : Hulak was inputted
2021-07-08 21:08:36   INFO [WebElements:32  ] : 34sss46-sdgsdgs@yopmail.com was inputted
2021-07-08 21:08:36   INFO [WebElements:32  ] : qwerty123 was inputted
2021-07-08 21:08:37   INFO [WebElements:32  ] : Dima was inputted
2021-07-08 21:08:37   INFO [WebElements:32  ] : Hulak was inputted
2021-07-08 21:08:37   INFO [WebElements:32  ] : street New York, 12 was inputted
2021-07-08 21:08:37   INFO [WebElements:32  ] : New York was inputted
2021-07-08 21:08:38   INFO [RegistrationPage:157 ] : Find select city by 32
2021-07-08 21:08:39   INFO [WebElements:32  ] : 12345 was inputted
2021-07-08 21:08:39   INFO [RegistrationPage:170 ] : Find select country United States
2021-07-08 21:08:39   INFO [WebElements:32  ] : 1234567890 was inputted
2021-07-08 21:08:39   INFO [WebElements:32  ] : 34sss46-sdgsdgs@yopmail.com was inputted
2021-07-08 21:08:53   INFO [WebElements:47  ] : Element was clicked Proxy element for: DefaultElementLocator 'By.xpath: //button[@name='submitAccount']'
2021-09-08 01:04:09   INFO [RegistrationTest:54  ] : Open url - automationpractice.com
2021-09-08 01:04:11   INFO [RegistrationPage:32  ] : Page was opened http://automationpractice.com/index.php?controller=authentication&back=my-account
2021-09-08 01:04:12   INFO [WebElements:33  ] : hilario.swaniawski@gmail.com was inputted
2021-09-08 01:04:12   INFO [WebElements:48  ] : Element was clicked [[ChromeDriver: chrome on WINDOWS (9a40d025363969d8c9260dfe23aaa0d4)] -> name: SubmitCreate]
2021-09-08 01:04:18   INFO [WebElements:33  ] : Dima was inputted
2021-09-08 01:04:18   INFO [WebElements:33  ] : Hulak was inputted
2021-09-08 01:04:18   INFO [WebElements:33  ] : mickey.cruickshank@hotmail.com was inputted
2021-09-08 01:04:18   INFO [WebElements:33  ] : qwerty123 was inputted
2021-09-08 01:04:19   INFO [WebElements:33  ] : Dima was inputted
2021-09-08 01:04:19   INFO [WebElements:33  ] : Hulak was inputted
2021-09-08 01:04:19   INFO [WebElements:33  ] : street New York, 12 was inputted
2021-09-08 01:04:19   INFO [WebElements:33  ] : New York was inputted
2021-09-08 01:04:19   INFO [WebElements:113 ] : Was selected dropdown by text: New York
2021-09-08 01:04:20   INFO [WebElements:33  ] : 12345 was inputted
2021-09-08 01:04:20   INFO [WebElements:113 ] : Was selected dropdown by text: United States
2021-09-08 01:04:20   INFO [WebElements:33  ] : 1234567890 was inputted
2021-09-08 01:04:20   INFO [WebElements:33  ] : numbers.kunde@hotmail.com was inputted
2021-09-08 01:04:32   INFO [WebElements:48  ] : Element was clicked Proxy element for: DefaultElementLocator 'By.xpath: //button[@name='submitAccount']'
2021-09-08 01:04:33   INFO [     Utils:24  ] : Screenshot D:\Java\auto_test_project\resources\screenshotregistrationTests\RegistrationTest\testRegistration.png
2021-15-08 01:30:25   INFO [RegistrationTest:54  ] : Open url - automationpractice.com
2021-15-08 01:30:26   INFO [RegistrationPage:30  ] : Page was opened http://automationpractice.com/index.php?controller=authentication&back=my-account
2021-15-08 01:30:27   INFO [WebElements:32  ] : camie.bins@gmail.com was inputted
2021-15-08 01:30:27   INFO [WebElements:47  ] : Element was clicked [[ChromeDriver: chrome on WINDOWS (e3ed28f9f96584cb27f78eaf2e79b6b9)] -> name: SubmitCreate]
2021-15-08 01:30:29   INFO [WebElements:32  ] : Edward was inputted
2021-15-08 01:30:29   INFO [WebElements:32  ] : Asan was inputted
2021-15-08 01:30:29   INFO [WebElements:32  ] : romeo.vonrueden@gmail.com was inputted
2021-15-08 01:30:30   INFO [WebElements:32  ] : qwerty123 was inputted
2021-15-08 01:30:30   INFO [WebElements:32  ] : Edward was inputted
2021-15-08 01:30:30   INFO [WebElements:32  ] : Asan was inputted
2021-15-08 01:30:30   INFO [WebElements:32  ] : street New York, 12 was inputted
2021-15-08 01:30:30   INFO [WebElements:32  ] : New York was inputted
2021-15-08 01:30:31   INFO [WebElements:103 ] : Was selected dropdown by text: New York
2021-15-08 01:30:31   INFO [WebElements:32  ] : 12345 was inputted
2021-15-08 01:30:31   INFO [WebElements:103 ] : Was selected dropdown by text: United States
2021-15-08 01:30:31   INFO [WebElements:32  ] : 1234567890 was inputted
2021-15-08 01:30:31   INFO [WebElements:32  ] : rusty.bradtke@yahoo.com was inputted
2021-15-08 01:30:44   INFO [WebElements:47  ] : Element was clicked Proxy element for: DefaultElementLocator 'By.xpath: //button[@name='submitAccount']'
2021-15-08 01:30:44   INFO [     Utils:24  ] : Screenshot D:\Java\auto_test_project\resources\screenshotregistrationTests\RegistrationTest.png
2021-15-08 01:33:38   INFO [RegistrationTest:54  ] : Open url - automationpractice.com
2021-15-08 01:33:38   INFO [RegistrationTest:54  ] : Open url - automationpractice.com
2021-15-08 01:33:41   INFO [RegistrationPage:30  ] : Page was opened http://automationpractice.com/index.php?controller=authentication&back=my-account
2021-15-08 01:33:42   INFO [RegistrationPage:30  ] : Page was opened http://automationpractice.com/index.php?controller=authentication&back=my-account
2021-15-08 01:33:42   INFO [WebElements:32  ] : lawana.pouros@hotmail.com was inputted
2021-15-08 01:33:43   INFO [WebElements:32  ] : johnathan.towne@gmail.com was inputted
2021-15-08 01:33:43   INFO [WebElements:47  ] : Element was clicked [[ChromeDriver: chrome on WINDOWS (bcaebf28bde96486352f243c3441e9d4)] -> name: SubmitCreate]
2021-15-08 01:33:43   INFO [WebElements:47  ] : Element was clicked [[ChromeDriver: chrome on WINDOWS (c7e55650bbe64fdc56eae88a84eca337)] -> name: SubmitCreate]
2021-15-08 01:33:48   INFO [WebElements:32  ] : Edward was inputted
2021-15-08 01:33:48   INFO [WebElements:32  ] : Asan was inputted
2021-15-08 01:33:49   INFO [WebElements:32  ] : Edward was inputted
2021-15-08 01:33:49   INFO [WebElements:32  ] : lelah.corkery@hotmail.com was inputted
2021-15-08 01:33:49   INFO [WebElements:32  ] : Asan was inputted
2021-15-08 01:33:49   INFO [WebElements:32  ] : qwerty123 was inputted
2021-15-08 01:33:50   INFO [WebElements:32  ] : stevie.zboncak@gmail.com was inputted
2021-15-08 01:33:50   INFO [WebElements:32  ] : Edward was inputted
2021-15-08 01:33:50   INFO [WebElements:32  ] : qwerty123 was inputted
2021-15-08 01:33:50   INFO [WebElements:32  ] : Asan was inputted
2021-15-08 01:33:51   INFO [WebElements:32  ] : Edward was inputted
2021-15-08 01:33:51   INFO [WebElements:32  ] : street New York, 12 was inputted
2021-15-08 01:33:51   INFO [WebElements:32  ] : Asan was inputted
2021-15-08 01:33:52   INFO [WebElements:32  ] : New York was inputted
2021-15-08 01:33:52   INFO [WebElements:32  ] : street New York, 12 was inputted
2021-15-08 01:33:52   INFO [WebElements:103 ] : Was selected dropdown by text: New York
2021-15-08 01:33:53   INFO [WebElements:32  ] : 12345 was inputted
2021-15-08 01:33:53   INFO [WebElements:32  ] : New York was inputted
2021-15-08 01:33:53   INFO [WebElements:103 ] : Was selected dropdown by text: United States
2021-15-08 01:33:53   INFO [WebElements:103 ] : Was selected dropdown by text: New York
2021-15-08 01:33:53   INFO [WebElements:32  ] : 1234567890 was inputted
2021-15-08 01:33:54   INFO [WebElements:32  ] : 12345 was inputted
2021-15-08 01:33:54   INFO [WebElements:32  ] : pamila.bergnaum@yahoo.com was inputted
2021-15-08 01:33:54   INFO [WebElements:103 ] : Was selected dropdown by text: United States
2021-15-08 01:33:55   INFO [WebElements:32  ] : 1234567890 was inputted
2021-15-08 01:33:55   INFO [WebElements:32  ] : humberto.mcclure@hotmail.com was inputted
2021-15-08 01:34:06   INFO [WebElements:47  ] : Element was clicked Proxy element for: DefaultElementLocator 'By.xpath: //button[@name='submitAccount']'
2021-15-08 01:34:07   INFO [     Utils:24  ] : Screenshot D:\Java\auto_test_project\resources\screenshotregistrationTests\RegistrationTest.png
2021-15-08 01:34:07   INFO [WebElements:47  ] : Element was clicked Proxy element for: DefaultElementLocator 'By.xpath: //button[@name='submitAccount']'
2021-15-08 01:34:08   INFO [     Utils:24  ] : Screenshot D:\Java\auto_test_project\resources\screenshotregistrationTests\RegistrationTest.png
